2025-03-24 05:28:35 [main] INFO  Log - Starting webdriver....
2025-03-24 05:28:43 [main] INFO  Log - Navigating to URL....
2025-03-24 05:28:46 [main] INFO  Log - Starting login test....
2025-03-24 05:28:46 [main] INFO  Log - Adding credentials
2025-03-24 05:28:46 [main] INFO  Log - User clicked on login button..
2025-03-24 05:28:46 [main] INFO  Log - Verified page title..
2025-03-24 05:28:46 [main] INFO  Log - Closing browser....
2025-03-24 05:28:47 [main] INFO  Log - Starting webdriver....
2025-03-24 05:28:48 [main] INFO  Log - Navigating to URL....
2025-03-24 05:28:50 [main] INFO  Log - Starting login test....
2025-03-24 05:28:50 [main] INFO  Log - Adding credentials
2025-03-24 05:28:50 [main] INFO  Log - User clicked on login button..
2025-03-24 05:28:51 [main] INFO  Log - Verified page title..
2025-03-24 05:28:51 [main] INFO  Log - Closing browser....
2025-03-24 05:28:51 [main] INFO  Log - Starting webdriver....
2025-03-24 05:28:52 [main] INFO  Log - Navigating to URL....
2025-03-24 05:28:53 [main] INFO  Log - Starting login test....
2025-03-24 05:28:53 [main] INFO  Log - Adding credentials
2025-03-24 05:28:54 [main] INFO  Log - User clicked on login button..
2025-03-24 05:28:54 [main] INFO  Log - Verified page title..
2025-03-24 05:28:54 [main] INFO  Log - Closing browser....
2025-03-24 05:28:54 [main] INFO  Log - Starting webdriver....
2025-03-24 05:28:56 [main] INFO  Log - Navigating to URL....
2025-03-24 05:28:57 [main] INFO  Log - Starting login test....
2025-03-24 05:28:57 [main] INFO  Log - Adding credentials
2025-03-24 05:28:57 [main] INFO  Log - User clicked on login button..
2025-03-24 05:28:59 [main] INFO  Log - Closing browser....
2025-03-24 05:32:11 [main] INFO  Log - Starting webdriver....
2025-03-24 05:32:13 [main] INFO  Log - Navigating to URL....
2025-03-24 05:32:16 [main] INFO  Log - Starting login test....
2025-03-24 05:32:16 [main] INFO  Log - Adding credentials
2025-03-24 05:32:16 [main] INFO  Log - User clicked on login button..
2025-03-24 05:32:17 [main] INFO  Log - Verified page title..
2025-03-24 05:32:17 [main] INFO  Log - Closing browser....
2025-03-24 05:32:17 [main] INFO  Log - Starting webdriver....
2025-03-24 05:32:18 [main] INFO  Log - Navigating to URL....
2025-03-24 05:32:20 [main] INFO  Log - Starting login test....
2025-03-24 05:32:20 [main] INFO  Log - Adding credentials
2025-03-24 05:32:20 [main] INFO  Log - User clicked on login button..
2025-03-24 05:32:21 [main] INFO  Log - Verified page title..
2025-03-24 05:32:21 [main] INFO  Log - Closing browser....
2025-03-24 05:32:21 [main] INFO  Log - Starting webdriver....
2025-03-24 05:32:22 [main] INFO  Log - Navigating to URL....
2025-03-24 05:32:24 [main] INFO  Log - Starting login test....
2025-03-24 05:32:24 [main] INFO  Log - Adding credentials
2025-03-24 05:32:24 [main] INFO  Log - User clicked on login button..
2025-03-24 05:32:25 [main] INFO  Log - Verified page title..
2025-03-24 05:32:25 [main] INFO  Log - Closing browser....
2025-03-24 05:32:25 [main] INFO  Log - Starting webdriver....
2025-03-24 05:32:26 [main] INFO  Log - Navigating to URL....
2025-03-24 05:32:27 [main] INFO  Log - Starting login test....
2025-03-24 05:32:27 [main] INFO  Log - Adding credentials
2025-03-24 05:32:28 [main] INFO  Log - User clicked on login button..
2025-03-24 05:32:30 [main] INFO  Log - Closing browser....
2025-03-24 05:33:43 [main] INFO  Log - Starting webdriver....
2025-03-24 05:33:45 [main] INFO  Log - Navigating to URL....
2025-03-24 05:33:47 [main] INFO  Log - Starting login test....
2025-03-24 05:33:47 [main] INFO  Log - Adding credentials
2025-03-24 05:33:48 [main] INFO  Log - User clicked on login button..
2025-03-24 05:33:48 [main] INFO  Log - Closing browser....
2025-03-24 05:33:49 [main] INFO  Log - Starting webdriver....
2025-03-24 05:33:50 [main] INFO  Log - Navigating to URL....
2025-03-24 05:33:52 [main] INFO  Log - Starting login test....
2025-03-24 05:33:52 [main] INFO  Log - Adding credentials
2025-03-24 05:33:52 [main] INFO  Log - User clicked on login button..
2025-03-24 05:33:52 [main] INFO  Log - Closing browser....
2025-03-24 05:33:53 [main] INFO  Log - Starting webdriver....
2025-03-24 05:33:54 [main] INFO  Log - Navigating to URL....
2025-03-24 05:33:56 [main] INFO  Log - Starting login test....
2025-03-24 05:33:56 [main] INFO  Log - Adding credentials
2025-03-24 05:33:56 [main] INFO  Log - User clicked on login button..
2025-03-24 05:33:56 [main] INFO  Log - Closing browser....
2025-03-24 05:33:57 [main] INFO  Log - Starting webdriver....
2025-03-24 05:33:58 [main] INFO  Log - Navigating to URL....
2025-03-24 05:33:59 [main] INFO  Log - Starting login test....
2025-03-24 05:33:59 [main] INFO  Log - Adding credentials
2025-03-24 05:34:00 [main] INFO  Log - User clicked on login button..
2025-03-24 05:34:00 [main] INFO  Log - Closing browser....
2025-03-24 05:35:11 [main] INFO  Log - Starting webdriver....
2025-03-24 05:35:13 [main] INFO  Log - Navigating to URL....
2025-03-24 05:35:16 [main] INFO  Log - Starting login test....
2025-03-24 05:35:16 [main] INFO  Log - Adding credentials
2025-03-24 05:35:17 [main] INFO  Log - User clicked on login button..
2025-03-24 05:35:17 [main] INFO  Log - Closing browser....
2025-03-24 05:35:17 [main] INFO  Log - Starting webdriver....
2025-03-24 05:35:19 [main] INFO  Log - Navigating to URL....
2025-03-24 05:35:20 [main] INFO  Log - Starting login test....
2025-03-24 05:35:20 [main] INFO  Log - Adding credentials
2025-03-24 05:35:20 [main] INFO  Log - User clicked on login button..
2025-03-24 05:35:20 [main] INFO  Log - Closing browser....
2025-03-24 05:35:20 [main] INFO  Log - Starting webdriver....
2025-03-24 05:35:22 [main] INFO  Log - Navigating to URL....
2025-03-24 05:35:23 [main] INFO  Log - Starting login test....
2025-03-24 05:35:23 [main] INFO  Log - Adding credentials
2025-03-24 05:35:24 [main] INFO  Log - User clicked on login button..
2025-03-24 05:35:27 [main] INFO  Log - Closing browser....
2025-03-24 05:41:10 [main] INFO  Log - Starting webdriver....
2025-03-24 05:41:13 [main] INFO  Log - Navigating to URL....
2025-03-24 05:41:16 [main] INFO  Log - Starting login test....
2025-03-24 05:41:16 [main] INFO  Log - Adding credentials
2025-03-24 05:41:17 [main] INFO  Log - User clicked on login button..
2025-03-24 05:41:17 [main] INFO  Log - Verified page title..
2025-03-24 05:41:17 [main] INFO  Log - Closing browser....
2025-03-24 05:41:17 [main] INFO  Log - Starting webdriver....
2025-03-24 05:41:19 [main] INFO  Log - Navigating to URL....
2025-03-24 05:41:21 [main] INFO  Log - Starting login test....
2025-03-24 05:41:21 [main] INFO  Log - Adding credentials
2025-03-24 05:41:21 [main] INFO  Log - User clicked on login button..
2025-03-24 05:41:22 [main] INFO  Log - Verified page title..
2025-03-24 05:41:22 [main] INFO  Log - Closing browser....
2025-03-24 05:41:22 [main] INFO  Log - Starting webdriver....
2025-03-24 05:41:23 [main] INFO  Log - Navigating to URL....
2025-03-24 05:41:24 [main] INFO  Log - Starting login test....
2025-03-24 05:41:24 [main] INFO  Log - Adding credentials
2025-03-24 05:41:25 [main] INFO  Log - User clicked on login button..
2025-03-24 05:41:26 [main] INFO  Log - Closing browser....
2025-03-24 05:42:34 [main] INFO  Log - Starting webdriver....
2025-03-24 05:42:36 [main] INFO  Log - Navigating to URL....
2025-03-24 05:42:38 [main] INFO  Log - Starting login test....
2025-03-24 05:42:38 [main] INFO  Log - Adding credentials
2025-03-24 05:42:39 [main] INFO  Log - User clicked on login button..
2025-03-24 05:42:40 [main] INFO  Log - Closing browser....
2025-03-24 05:42:40 [main] INFO  Log - Starting webdriver....
2025-03-24 05:42:41 [main] INFO  Log - Navigating to URL....
2025-03-24 05:42:43 [main] INFO  Log - Starting login test....
2025-03-24 05:42:43 [main] INFO  Log - Adding credentials
2025-03-24 05:42:44 [main] INFO  Log - User clicked on login button..
2025-03-24 05:42:44 [main] INFO  Log - Closing browser....
2025-03-24 05:42:44 [main] INFO  Log - Starting webdriver....
2025-03-24 05:42:45 [main] INFO  Log - Navigating to URL....
2025-03-24 05:42:47 [main] INFO  Log - Starting login test....
2025-03-24 05:42:47 [main] INFO  Log - Adding credentials
2025-03-24 05:42:48 [main] INFO  Log - User clicked on login button..
2025-03-24 05:42:49 [main] INFO  Log - Verified page title..
2025-03-24 05:42:49 [main] INFO  Log - Closing browser....
